#
# There is insufficient memory for the Java Runtime Environment to continue.
# Native memory allocation (malloc) failed to allocate 270720 bytes for Chunk::new
# Possible reasons:
#   The system is out of physical RAM or swap space
#   In 32 bit mode, the process size limit was hit
# Possible solutions:
#   Reduce memory load on the system
#   Increase physical memory or swap space
#   Check if swap backing store is full
#   Use 64 bit Java on a 64 bit OS
#   Decrease Java heap size (-Xmx/-Xms)
#   Decrease number of Java threads
#   Decrease Java thread stack sizes (-Xss)
#   Set larger code cache with -XX:ReservedCodeCacheSize=
# This output file may be truncated or incomplete.
#
#  Out of Memory Error (allocation.cpp:390), pid=18552, tid=0x0000000000004ffc
#
# JRE version: Java(TM) SE Runtime Environment (8.0_191-b12) (build 1.8.0_191-b12)
# Java VM: Java HotSpot(TM) 64-Bit Server VM (25.191-b12 mixed mode windows-amd64 compressed oops)
# Failed to write core dump. Minidumps are not enabled by default on client versions of Windows
#

---------------  T H R E A D  ---------------

Current thread (0x0000000014e13800):  JavaThread "C2 CompilerThread1" daemon [_thread_in_native, id=20476, stack(0x0000000016570000,0x0000000016670000)]

Stack: [0x0000000016570000,0x0000000016670000]
[error occurred during error reporting (printing stack bounds), id 0xc0000005]

Native frames: (J=compiled Java code, j=interpreted, Vv=VM code, C=native code)


Current CompileTask:
C2:   1058  326 % !   4       sun.awt.image.PNGImageDecoder::produceImage @ 960 (1916 bytes)


---------------  P R O C E S S  ---------------

Java Threads: ( => current thread )
  0x0000000017914800 JavaThread "AWT-EventQueue-0" [_thread_in_native, id=11064, stack(0x0000000018340000,0x0000000018440000)]
  0x000000001793b800 JavaThread "TimerQueue" daemon [_thread_blocked, id=9844, stack(0x0000000018240000,0x0000000018340000)]
  0x00000000178ac000 JavaThread "Image Fetcher 1" daemon [_thread_blocked, id=12372, stack(0x0000000018140000,0x0000000018240000)]
  0x0000000016b5e000 JavaThread "Image Fetcher 0" daemon [_thread_blocked, id=5732, stack(0x0000000017740000,0x0000000017840000)]
  0x0000000016b3c000 JavaThread "AWT-Windows" daemon [_thread_in_native, id=6544, stack(0x00000000170c0000,0x00000000171c0000)]
  0x0000000016b39800 JavaThread "AWT-Shutdown" [_thread_blocked, id=13588, stack(0x0000000016fc0000,0x00000000170c0000)]
  0x0000000016b38000 JavaThread "Java2D Disposer" daemon [_thread_blocked, id=11468, stack(0x0000000016ec0000,0x0000000016fc0000)]
  0x000000001679b800 JavaThread "Service Thread" daemon [_thread_blocked, id=6928, stack(0x0000000016b70000,0x0000000016c70000)]
  0x0000000014e17000 JavaThread "C1 CompilerThread2" daemon [_thread_blocked, id=15220, stack(0x0000000016670000,0x0000000016770000)]
=>0x0000000014e13800 JavaThread "C2 CompilerThread1" daemon [_thread_in_native, id=20476, stack(0x0000000016570000,0x0000000016670000)]
  0x0000000014e09000 JavaThread "C2 CompilerThread0" daemon [_thread_blocked, id=18340, stack(0x0000000016470000,0x0000000016570000)]
  0x0000000014e07000 JavaThread "Attach Listener" daemon [_thread_blocked, id=16040, stack(0x0000000016370000,0x0000000016470000)]
  0x0000000014e05800 JavaThread "Signal Dispatcher" daemon [_thread_blocked, id=11916, stack(0x0000000016270000,0x0000000016370000)]
  0x000000000282a800 JavaThread "Finalizer" daemon [_thread_blocked, id=10608, stack(0x0000000016060000,0x0000000016160000)]
  0x0000000002822000 JavaThread "Reference Handler" daemon [_thread_blocked, id=19388, stack(0x0000000015f60000,0x0000000016060000)]
  0x000000000252d800 JavaThread "main" [_thread_in_native, id=14808, stack(0x0000000002630000,0x0000000002730000)]

Other Threads:
  0x0000000014dc6800 VMThread [stack: 0x0000000015e60000,0x0000000015f60000] [id=4524]
  0x00000000167b8000 WatcherThread [stack: 0x0000000016dc0000,0x0000000016ec0000] [id=17328]

VM state:not at safepoint (normal execution)

VM Mutex/Monitor currently owned by a thread: None

Heap:
 PSYoungGen      total 18944K, used 6580K [0x00000000eb400000, 0x00000000ec900000, 0x0000000100000000)
  eden space 16384K, 24% used [0x00000000eb400000,0x00000000eb7f4558,0x00000000ec400000)
  from space 2560K, 98% used [0x00000000ec400000,0x00000000ec678e70,0x00000000ec680000)
  to   space 2560K, 0% used [0x00000000ec680000,0x00000000ec680000,0x00000000ec900000)
 ParOldGen       total 44032K, used 13751K [0x00000000c1c00000, 0x00000000c4700000, 0x00000000eb400000)
  object space 44032K, 31% used [0x00000000c1c00000,0x00000000c296dc30,0x00000000c4700000)
 Metaspace       used 8747K, capacity 8960K, committed 9088K, reserved 1056768K
  class space    used 1047K, capacity 1131K, committed 1152K, reserved 1048576K

Card table byte_map: [0x0000000011bf0000,0x0000000011df0000] byte_map_base: 0x00000000115e2000

Marking Bits: (ParMarkBitMap*) 0x000000005bbf3e30
 Begin Bits: [0x0000000012340000, 0x00000000132d0000)
 End Bits:   [0x00000000132d0000, 0x0000000014260000)

Polling page: 0x0000000000a40000

CodeCache: size=245760Kb used=2035Kb max_used=2035Kb free=243724Kb
 bounds [0x0000000002830000, 0x0000000002aa0000, 0x0000000011830000]
 total_blobs=810 nmethods=383 adapters=340
 compilation: enabled

Compilation events (10 events):
Event: 0.818 Thread 0x0000000014e17000  377       3       java.util.HashMap::containsKey (18 bytes)
Event: 0.818 Thread 0x0000000014e17000 nmethod 377 0x0000000002a29810 code [0x0000000002a299a0, 0x0000000002a29d98]
Event: 0.818 Thread 0x0000000014e17000  376       3       sun.awt.FontConfiguration::getComponentFileID (6 bytes)
Event: 0.818 Thread 0x0000000014e17000 nmethod 376 0x0000000002a29ed0 code [0x0000000002a2a020, 0x0000000002a2a190]
Event: 0.821 Thread 0x0000000014e17000  378       3       java.util.Vector::elementData (7 bytes)
Event: 0.821 Thread 0x0000000014e17000 nmethod 378 0x0000000002a2a250 code [0x0000000002a2a3a0, 0x0000000002a2a510]
Event: 0.821 Thread 0x0000000014e17000  379  s    3       java.util.Vector::elementAt (48 bytes)
Event: 0.821 Thread 0x0000000014e17000 nmethod 379 0x0000000002a2a610 code [0x0000000002a2a820, 0x0000000002a2b3a8]
Event: 0.824 Thread 0x0000000014e17000  380       3       java.util.ArrayList::get (11 bytes)
Event: 0.824 Thread 0x0000000014e17000 nmethod 380 0x0000000002a2bd50 code [0x0000000002a2bee0, 0x0000000002a2c218]

GC Heap History (2 events):
Event: 0.745 GC heap before
{Heap before GC invocations=1 (full 0):
 PSYoungGen      total 18944K, used 16384K [0x00000000eb400000, 0x00000000ec900000, 0x0000000100000000)
  eden space 16384K, 100% used [0x00000000eb400000,0x00000000ec400000,0x00000000ec400000)
  from space 2560K, 0% used [0x00000000ec680000,0x00000000ec680000,0x00000000ec900000)
  to   space 2560K, 0% used [0x00000000ec400000,0x00000000ec400000,0x00000000ec680000)
 ParOldGen       total 44032K, used 0K [0x00000000c1c00000, 0x00000000c4700000, 0x00000000eb400000)
  object space 44032K, 0% used [0x00000000c1c00000,0x00000000c1c00000,0x00000000c4700000)
 Metaspace       used 7531K, capacity 7764K, committed 7936K, reserved 1056768K
  class space    used 883K, capacity 969K, committed 1024K, reserved 1048576K
Event: 0.755 GC heap after
Heap after GC invocations=1 (full 0):
 PSYoungGen      total 18944K, used 2531K [0x00000000eb400000, 0x00000000ec900000, 0x0000000100000000)
  eden space 16384K, 0% used [0x00000000eb400000,0x00000000eb400000,0x00000000ec400000)
  from space 2560K, 98% used [0x00000000ec400000,0x00000000ec678e70,0x00000000ec680000)
  to   space 2560K, 0% used [0x00000000ec680000,0x00000000ec680000,0x00000000ec900000)
 ParOldGen       total 44032K, used 13751K [0x00000000c1c00000, 0x00000000c4700000, 0x00000000eb400000)
  object space 44032K, 31% used [0x00000000c1c00000,0x00000000c296dc30,0x00000000c4700000)
 Metaspace       used 7531K, capacity 7764K, committed 7936K, reserved 1056768K
  class space    used 883K, capacity 969K, committed 1024K, reserved 1048576K
}

Deoptimization events (0 events):
No events

Classes redefined (0 events):
No events

Internal exceptions (10 events):
Event: 0.167 Thread 0x000000000252d800 Exception <a 'java/lang/NoSuchMethodError': Method sun.misc.Unsafe.prefetchRead(Ljava/lang/Object;J)V name or signature does not match> (0x00000000eb407f98) thrown at [C:\re\workspace\8-2-build-windows-amd64-cygwin\jdk8u191\11896\hotspot\src\share\vm\prim
Event: 0.361 Thread 0x000000000252d800 Exception <a 'java/io/FileNotFoundException'> (0x00000000eb457a60) thrown at [C:\re\workspace\8-2-build-windows-amd64-cygwin\jdk8u191\11896\hotspot\src\share\vm\prims\jni.cpp, line 709]
Event: 0.408 Thread 0x000000000252d800 Exception <a 'java/security/PrivilegedActionException'> (0x00000000eb4841e8) thrown at [C:\re\workspace\8-2-build-windows-amd64-cygwin\jdk8u191\11896\hotspot\src\share\vm\prims\jvm.cpp, line 1435]
Event: 0.408 Thread 0x000000000252d800 Exception <a 'java/security/PrivilegedActionException'> (0x00000000eb4843f8) thrown at [C:\re\workspace\8-2-build-windows-amd64-cygwin\jdk8u191\11896\hotspot\src\share\vm\prims\jvm.cpp, line 1435]
Event: 0.409 Thread 0x000000000252d800 Exception <a 'java/security/PrivilegedActionException'> (0x00000000eb488308) thrown at [C:\re\workspace\8-2-build-windows-amd64-cygwin\jdk8u191\11896\hotspot\src\share\vm\prims\jvm.cpp, line 1435]
Event: 0.409 Thread 0x000000000252d800 Exception <a 'java/security/PrivilegedActionException'> (0x00000000eb488518) thrown at [C:\re\workspace\8-2-build-windows-amd64-cygwin\jdk8u191\11896\hotspot\src\share\vm\prims\jvm.cpp, line 1435]
Event: 0.418 Thread 0x000000000252d800 Exception <a 'java/io/FileNotFoundException'> (0x00000000eb491130) thrown at [C:\re\workspace\8-2-build-windows-amd64-cygwin\jdk8u191\11896\hotspot\src\share\vm\prims\jni.cpp, line 709]
Event: 0.474 Thread 0x000000000252d800 Exception <a 'java/lang/NoSuchFieldError': method resolution failed> (0x00000000eb5b4828) thrown at [C:\re\workspace\8-2-build-windows-amd64-cygwin\jdk8u191\11896\hotspot\src\share\vm\prims\methodHandles.cpp, line 1167]
Event: 0.477 Thread 0x000000000252d800 Exception <a 'java/lang/NoSuchFieldError': method resolution failed> (0x00000000eb5c1bf8) thrown at [C:\re\workspace\8-2-build-windows-amd64-cygwin\jdk8u191\11896\hotspot\src\share\vm\prims\methodHandles.cpp, line 1167]
Event: 0.577 Thread 0x000000000252d800 Exception <a 'java/io/FileNotFoundException'> (0x00000000eb66c8e0) thrown at [C:\re\workspace\8-2-build-windows-amd64-cygwin\jdk8u191\11896\hotspot\src\share\vm\prims\jni.cpp, line 709]

Events (10 events):
Event: 0.824 loading class java/awt/Panel done
Event: 0.824 loading class java/applet/Applet done
Event: 0.825 loading class sun/awt/TimedWindowEvent
Event: 0.825 loading class sun/awt/TimedWindowEvent done
Event: 0.826 loading class java/awt/SequencedEvent
Event: 0.826 loading class java/awt/SequencedEvent done
Event: 0.826 loading class java/awt/SequencedEvent$1
Event: 0.826 loading class sun/awt/AWTAccessor$SequencedEventAccessor
Event: 0.826 loading class sun/awt/AWTAccessor$SequencedEventAccessor done
Event: 0.826 loading class java/awt/SequencedEvent$1 done


Dynamic libraries:
0x00007ff74edd0000 - 0x00007ff74ee07000 	C:\Program Files\Java\jdk1.8.0_191\bin\java.exe
0x00007ffc02060000 - 0x00007ffc02241000 	C:\WINDOWS\SYSTEM32\ntdll.dll
0x00007ffbbeba0000 - 0x00007ffbbebb4000 	C:\Program Files\AVAST Software\Avast\x64\aswhooka.dll
0x00007ffc00ba0000 - 0x00007ffc00c52000 	C:\WINDOWS\System32\KERNEL32.DLL
0x00007ffbfe670000 - 0x00007ffbfe8e3000 	C:\WINDOWS\System32\KERNELBASE.dll
0x00007ffc01510000 - 0x00007ffc015b1000 	C:\WINDOWS\System32\ADVAPI32.dll
0x00007ffbff500000 - 0x00007ffbff59e000 	C:\WINDOWS\System32\msvcrt.dll
0x00007ffc00b40000 - 0x00007ffc00b9b000 	C:\WINDOWS\System32\sechost.dll
0x00007ffc00c60000 - 0x00007ffc00d84000 	C:\WINDOWS\System32\RPCRT4.dll
0x00007ffc01a60000 - 0x00007ffc01bf0000 	C:\WINDOWS\System32\USER32.dll
0x00007ffbfe8f0000 - 0x00007ffbfe910000 	C:\WINDOWS\System32\win32u.dll
0x00007ffc01a10000 - 0x00007ffc01a38000 	C:\WINDOWS\System32\GDI32.dll
0x00007ffbfe430000 - 0x00007ffbfe5c2000 	C:\WINDOWS\System32\gdi32full.dll
0x00007ffbfe5d0000 - 0x00007ffbfe66f000 	C:\WINDOWS\System32\msvcp_win.dll
0x00007ffbfe910000 - 0x00007ffbfea0a000 	C:\WINDOWS\System32\ucrtbase.dll
0x00007ffbe9e20000 - 0x00007ffbea089000 	C:\WINDOWS\WinSxS\amd64_microsoft.windows.common-controls_6595b64144ccf1df_6.0.17134.407_none_fb449d63306391e9\COMCTL32.dll
0x00007ffc01bf0000 - 0x00007ffc01f12000 	C:\WINDOWS\System32\combase.dll
0x00007ffbfea70000 - 0x00007ffbfeaea000 	C:\WINDOWS\System32\bcryptPrimitives.dll
0x00007ffc00b10000 - 0x00007ffc00b3d000 	C:\WINDOWS\System32\IMM32.DLL
0x000000005d7a0000 - 0x000000005d872000 	C:\Program Files\Java\jdk1.8.0_191\jre\bin\msvcr100.dll
0x000000005b3d0000 - 0x000000005bc74000 	C:\Program Files\Java\jdk1.8.0_191\jre\bin\server\jvm.dll
0x00007ffc01f20000 - 0x00007ffc01f28000 	C:\WINDOWS\System32\PSAPI.DLL
0x00007ffbec710000 - 0x00007ffbec719000 	C:\WINDOWS\SYSTEM32\WSOCK32.dll
0x00007ffc01440000 - 0x00007ffc014ac000 	C:\WINDOWS\System32\WS2_32.dll
0x00007ffbfb530000 - 0x00007ffbfb553000 	C:\WINDOWS\SYSTEM32\WINMM.dll
0x00007ffbec540000 - 0x00007ffbec54a000 	C:\WINDOWS\SYSTEM32\VERSION.dll
0x00007ffbfb500000 - 0x00007ffbfb52a000 	C:\WINDOWS\SYSTEM32\WINMMBASE.dll
0x00007ffbff2b0000 - 0x00007ffbff2f9000 	C:\WINDOWS\System32\cfgmgr32.dll
0x000000005d750000 - 0x000000005d75f000 	C:\Program Files\Java\jdk1.8.0_191\jre\bin\verify.dll
0x000000005d720000 - 0x000000005d749000 	C:\Program Files\Java\jdk1.8.0_191\jre\bin\java.dll
0x000000005d700000 - 0x000000005d716000 	C:\Program Files\Java\jdk1.8.0_191\jre\bin\zip.dll
0x00007ffbff6d0000 - 0x00007ffc00b0f000 	C:\WINDOWS\System32\SHELL32.dll
0x00007ffc01120000 - 0x00007ffc011c9000 	C:\WINDOWS\System32\shcore.dll
0x00007ffbfeba0000 - 0x00007ffbff2ad000 	C:\WINDOWS\System32\windows.storage.dll
0x00007ffc01f30000 - 0x00007ffc01f81000 	C:\WINDOWS\System32\shlwapi.dll
0x00007ffbfe3d0000 - 0x00007ffbfe3e1000 	C:\WINDOWS\System32\kernel.appcore.dll
0x00007ffbfe410000 - 0x00007ffbfe42f000 	C:\WINDOWS\System32\profapi.dll
0x00007ffbfe380000 - 0x00007ffbfe3cc000 	C:\WINDOWS\System32\powrprof.dll
0x00007ffbfe370000 - 0x00007ffbfe37a000 	C:\WINDOWS\System32\FLTLIB.DLL
0x000000005b230000 - 0x000000005b3c9000 	C:\Program Files\Java\jdk1.8.0_191\jre\bin\awt.dll
0x00007ffbff5a0000 - 0x00007ffbff662000 	C:\WINDOWS\System32\OLEAUT32.dll
0x00007ffbfc2d0000 - 0x00007ffbfc35b000 	C:\WINDOWS\SYSTEM32\apphelp.dll
0x00007ffbfc440000 - 0x00007ffbfc4d8000 	C:\WINDOWS\system32\uxtheme.dll
0x00007ffc011d0000 - 0x00007ffc01343000 	C:\WINDOWS\System32\MSCTF.dll
0x00007ffbfc7b0000 - 0x00007ffbfc7d9000 	C:\WINDOWS\system32\dwmapi.dll
0x00007ffc00d90000 - 0x00007ffc00ee1000 	C:\WINDOWS\System32\ole32.dll
0x00007ffbd2540000 - 0x00007ffbd2660000 	C:\WINDOWS\system32\opengl32.dll
0x00007ffbd9770000 - 0x00007ffbd979c000 	C:\WINDOWS\SYSTEM32\GLU32.dll
0x000000005b120000 - 0x000000005b151000 	C:\Program Files\Java\jdk1.8.0_191\jre\bin\jpeg.dll
0x000000005b1e0000 - 0x000000005b227000 	C:\Program Files\Java\jdk1.8.0_191\jre\bin\fontmanager.dll
0x00007ffbf1f50000 - 0x00007ffbf1fe6000 	C:\WINDOWS\System32\TextInputFramework.dll
0x00007ffbf9ab0000 - 0x00007ffbf9dce000 	C:\WINDOWS\System32\CoreUIComponents.dll
0x00007ffbfbd90000 - 0x00007ffbfbe6a000 	C:\WINDOWS\System32\CoreMessaging.dll
0x00007ffbfd570000 - 0x00007ffbfd5a1000 	C:\WINDOWS\SYSTEM32\ntmarta.dll
0x00007ffbfa310000 - 0x00007ffbfa45d000 	C:\WINDOWS\SYSTEM32\wintypes.dll

VM Arguments:
jvm_args: -Dfile.encoding=UTF-8 
java_command: nazdrowie.NaZdrowie
java_class_path (initial): C:\Users\Asia\Documents\NetBeansProjects\NaZdrowie\build\classes
Launcher Type: SUN_STANDARD

Environment Variables:
PATH=C:\Program Files (x86)\Common Files\Oracle\Java\javapath;C:\ProgramData\Oracle\Java\javapath;C:\WINDOWS\system32;C:\WINDOWS;C:\WINDOWS\System32\Wbem;C:\WINDOWS\System32\WindowsPowerShell\v1.0\;C:\Program Files (x86)\Intel\OpenCL SDK\3.0\bin\x86;C:\Program Files (x86)\Intel\OpenCL SDK\3.0\bin\x64;C:\Users\Asia\.dnx\bin;C:\Program Files\Microsoft DNX\Dnvm\;C:\Program Files\Microsoft SQL Server\130\Tools\Binn\;C:\Program Files\OpenVPN\bin;C:\Program Files (x86)\Skype\Phone\;C:\Program Files\MATLAB\R2016a\runtime\win64;C:\Program Files\MATLAB\R2016a\bin;C:\Program Files\MATLAB\R2016a\polyspace\bin;C:\WINDOWS\System32\OpenSSH\;C:\Program Files (x86)\GitExtensions\;C:\Program Files\Git\cmd;C:\Users\Asia\AppData\Local\Microsoft\WindowsApps;
USERNAME=Asia
OS=Windows_NT
PROCESSOR_IDENTIFIER=Intel64 Family 6 Model 69 Stepping 1, GenuineIntel



---------------  S Y S T E M  ---------------

OS: Windows 10.0 , 64 bit Build 17134 (10.0.17134.1)

CPU:total 4 (initial active 4) (2 cores per cpu, 2 threads per core) family 6 model 69 stepping 1, cmov, cx8, fxsr, mmx, sse, sse2, sse3, ssse3, sse4.1, sse4.2, popcnt, avx, avx2, aes, clmul, erms, lzcnt, ht, tsc, tscinvbit, bmi1, bmi2

Memory: 4k page, physical 4073016k(409808k free), swap 16655928k(1512k free)

vm_info: Java HotSpot(TM) 64-Bit Server VM (25.191-b12) for windows-amd64 JRE (1.8.0_191-b12), built on Oct  6 2018 09:29:03 by "java_re" with MS VC++ 10.0 (VS2010)

time: Sat Dec 08 19:59:39 2018
elapsed time: 1 seconds (0d 0h 0m 1s)

